[debug] [2022-06-22T20:16:43.044Z] ----------------------------------------------------------------------
[debug] [2022-06-22T20:16:43.047Z] Command:       C:\Program Files\nodejs\node.exe C:\Users\Tomás Torres.LAPTOP-RVCD7JRB\AppData\Roaming\npm\node_modules\firebase-tools\lib\bin\firebase.js init
[debug] [2022-06-22T20:16:43.047Z] CLI Version:   11.0.1
[debug] [2022-06-22T20:16:43.048Z] Platform:      win32
[debug] [2022-06-22T20:16:43.048Z] Node Version:  v16.14.2
[debug] [2022-06-22T20:16:43.049Z] Time:          Wed Jun 22 2022 17:16:43 GMT-0300 (hora estándar de Argentina)
[debug] [2022-06-22T20:16:43.049Z] ----------------------------------------------------------------------
[debug] 
[debug] [2022-06-22T20:16:43.053Z] >>> [apiv2][query] GET https://firebase-public.firebaseio.com/cli.json [none]
[debug] [2022-06-22T20:16:43.081Z] > command requires scopes: ["email","openid","https://www.googleapis.com/auth/cloudplatformprojects.readonly","https://www.googleapis.com/auth/firebase","https://www.googleapis.com/auth/cloud-platform"]
[debug] [2022-06-22T20:16:43.082Z] > authorizing via signed-in user (tomitorres.93@gmail.com)
[info] 
     ######## #### ########  ######## ########     ###     ######  ########
     ##        ##  ##     ## ##       ##     ##  ##   ##  ##       ##
     ######    ##  ########  ######   ########  #########  ######  ######
     ##        ##  ##    ##  ##       ##     ## ##     ##       ## ##
     ##       #### ##     ## ######## ########  ##     ##  ######  ########

You're about to initialize a Firebase project in this directory:

  C:\Users\Tomás Torres.LAPTOP-RVCD7JRB\Desktop\CODER\React\clase1\proyectoreacttomi

[debug] [2022-06-22T20:16:43.661Z] <<< [apiv2][status] GET https://firebase-public.firebaseio.com/cli.json 200
[debug] [2022-06-22T20:16:43.661Z] <<< [apiv2][body] GET https://firebase-public.firebaseio.com/cli.json {"cloudBuildErrorAfter":1594252800000,"cloudBuildWarnAfter":1590019200000,"defaultNode10After":1594252800000,"minVersion":"3.0.5","node8DeploysDisabledAfter":1613390400000,"node8RuntimeDisabledAfter":1615809600000,"node8WarnAfter":1600128000000}
